E:\CONCOLE\DLL\MYDYNAMICLIBRARY\DEBUG\MYEXECREFSDLL.EXE
E:\CONCOLE\DLL\MYDYNAMICLIBRARY\DEBUG\MYEXECREFSDLL.ILK
E:\CONCOLE\DLL\MYDYNAMICLIBRARY\DEBUG\MYEXECREFSDLL.PDB
E:\CONCOLE\DLL\MYEXECREFSDLL\DEBUG\.NETFRAMEWORK,VERSION=V4.0.ASSEMBLYATTRIBUTES.OBJ
E:\concole\dll\MyExecRefsDll\Debug\cl.command.1.tlog
E:\concole\dll\MyExecRefsDll\Debug\CL.read.1.tlog
E:\concole\dll\MyExecRefsDll\Debug\CL.write.1.tlog
E:\concole\dll\MyExecRefsDll\Debug\link.1508.read.1.tlog
E:\concole\dll\MyExecRefsDll\Debug\link.1508.write.1.tlog
E:\concole\dll\MyExecRefsDll\Debug\link.2036.read.1.tlog
E:\concole\dll\MyExecRefsDll\Debug\link.2036.write.1.tlog
E:\concole\dll\MyExecRefsDll\Debug\link.2408.read.1.tlog
E:\concole\dll\MyExecRefsDll\Debug\link.2408.write.1.tlog
E:\concole\dll\MyExecRefsDll\Debug\link.2408-cvtres.read.1.tlog
E:\concole\dll\MyExecRefsDll\Debug\link.2408-cvtres.write.1.tlog
E:\concole\dll\MyExecRefsDll\Debug\link.2996.read.1.tlog
E:\concole\dll\MyExecRefsDll\Debug\link.2996.write.1.tlog
E:\concole\dll\MyExecRefsDll\Debug\link.3092.read.1.tlog
E:\concole\dll\MyExecRefsDll\Debug\link.3092.write.1.tlog
E:\concole\dll\MyExecRefsDll\Debug\link.3328.read.1.tlog
E:\concole\dll\MyExecRefsDll\Debug\link.3328.write.1.tlog
E:\concole\dll\MyExecRefsDll\Debug\link.3744.read.1.tlog
E:\concole\dll\MyExecRefsDll\Debug\link.3744.write.1.tlog
E:\concole\dll\MyExecRefsDll\Debug\link.3820.read.1.tlog
E:\concole\dll\MyExecRefsDll\Debug\link.3820.write.1.tlog
E:\concole\dll\MyExecRefsDll\Debug\link.3896.read.1.tlog
E:\concole\dll\MyExecRefsDll\Debug\link.3896.write.1.tlog
E:\concole\dll\MyExecRefsDll\Debug\link.4120.read.1.tlog
E:\concole\dll\MyExecRefsDll\Debug\link.4120.write.1.tlog
E:\concole\dll\MyExecRefsDll\Debug\link.4532.read.1.tlog
E:\concole\dll\MyExecRefsDll\Debug\link.4532.write.1.tlog
E:\concole\dll\MyExecRefsDll\Debug\link.4776.read.1.tlog
E:\concole\dll\MyExecRefsDll\Debug\link.4776.write.1.tlog
E:\concole\dll\MyExecRefsDll\Debug\link.4860.read.1.tlog
E:\concole\dll\MyExecRefsDll\Debug\link.4860.write.1.tlog
E:\concole\dll\MyExecRefsDll\Debug\link.4952.read.1.tlog
E:\concole\dll\MyExecRefsDll\Debug\link.4952.write.1.tlog
E:\concole\dll\MyExecRefsDll\Debug\link.5076.read.1.tlog
E:\concole\dll\MyExecRefsDll\Debug\link.5076.write.1.tlog
E:\concole\dll\MyExecRefsDll\Debug\link.5728.read.1.tlog
E:\concole\dll\MyExecRefsDll\Debug\link.5728.write.1.tlog
E:\concole\dll\MyExecRefsDll\Debug\link.5756.read.1.tlog
E:\concole\dll\MyExecRefsDll\Debug\link.5756.write.1.tlog
E:\concole\dll\MyExecRefsDll\Debug\link.5924.read.1.tlog
E:\concole\dll\MyExecRefsDll\Debug\link.5924.write.1.tlog
E:\concole\dll\MyExecRefsDll\Debug\link.6260.read.1.tlog
E:\concole\dll\MyExecRefsDll\Debug\link.6260.write.1.tlog
E:\concole\dll\MyExecRefsDll\Debug\link.6320.read.1.tlog
E:\concole\dll\MyExecRefsDll\Debug\link.6320.write.1.tlog
E:\concole\dll\MyExecRefsDll\Debug\link.6372.read.1.tlog
E:\concole\dll\MyExecRefsDll\Debug\link.6372.write.1.tlog
E:\concole\dll\MyExecRefsDll\Debug\link.6648.read.1.tlog
E:\concole\dll\MyExecRefsDll\Debug\link.6648.write.1.tlog
E:\concole\dll\MyExecRefsDll\Debug\link.6668.read.1.tlog
E:\concole\dll\MyExecRefsDll\Debug\link.6668.write.1.tlog
E:\concole\dll\MyExecRefsDll\Debug\link.6752.read.1.tlog
E:\concole\dll\MyExecRefsDll\Debug\link.6752.write.1.tlog
E:\concole\dll\MyExecRefsDll\Debug\link.6860.read.1.tlog
E:\concole\dll\MyExecRefsDll\Debug\link.6860.write.1.tlog
E:\concole\dll\MyExecRefsDll\Debug\link.6888.read.1.tlog
E:\concole\dll\MyExecRefsDll\Debug\link.6888.write.1.tlog
E:\concole\dll\MyExecRefsDll\Debug\link.6892.read.1.tlog
E:\concole\dll\MyExecRefsDll\Debug\link.6892.write.1.tlog
E:\concole\dll\MyExecRefsDll\Debug\link.6896.read.1.tlog
E:\concole\dll\MyExecRefsDll\Debug\link.6896.write.1.tlog
E:\concole\dll\MyExecRefsDll\Debug\link.6940.read.1.tlog
E:\concole\dll\MyExecRefsDll\Debug\link.6940.write.1.tlog
E:\concole\dll\MyExecRefsDll\Debug\link.6952.read.1.tlog
E:\concole\dll\MyExecRefsDll\Debug\link.6952.write.1.tlog
E:\concole\dll\MyExecRefsDll\Debug\link.6992.read.1.tlog
E:\concole\dll\MyExecRefsDll\Debug\link.6992.write.1.tlog
E:\concole\dll\MyExecRefsDll\Debug\link.7064.read.1.tlog
E:\concole\dll\MyExecRefsDll\Debug\link.7064.write.1.tlog
E:\concole\dll\MyExecRefsDll\Debug\link.7144.read.1.tlog
E:\concole\dll\MyExecRefsDll\Debug\link.7144.write.1.tlog
E:\concole\dll\MyExecRefsDll\Debug\link.7796.read.1.tlog
E:\concole\dll\MyExecRefsDll\Debug\link.7796.write.1.tlog
E:\concole\dll\MyExecRefsDll\Debug\link.command.1.tlog
E:\concole\dll\MyExecRefsDll\Debug\link.read.1.tlog
E:\concole\dll\MyExecRefsDll\Debug\link.write.1.tlog
E:\concole\dll\MyExecRefsDll\Debug\link-cvtres.read.1.tlog
E:\concole\dll\MyExecRefsDll\Debug\link-cvtres.write.1.tlog
E:\concole\dll\MyExecRefsDll\Debug\metagen.read.1.tlog
E:\concole\dll\MyExecRefsDll\Debug\metagen.write.1.tlog
E:\concole\dll\MyExecRefsDll\Debug\mt.command.1.tlog
E:\concole\dll\MyExecRefsDll\Debug\mt.read.1.tlog
E:\concole\dll\MyExecRefsDll\Debug\mt.write.1.tlog
E:\concole\dll\MyExecRefsDll\Debug\MyExecRefsDll.exe.embed.manifest
E:\concole\dll\MyExecRefsDll\Debug\MyExecRefsDll.exe.embed.manifest.res
E:\CONCOLE\DLL\MYEXECREFSDLL\DEBUG\MYEXECREFSDLL.EXE.INTERMEDIATE.MANIFEST
E:\CONCOLE\DLL\MYEXECREFSDLL\DEBUG\MYEXECREFSDLL.OBJ
E:\concole\dll\MyExecRefsDll\Debug\MyExecRefsDll.write.1.tlog
E:\concole\dll\MyExecRefsDll\Debug\MyExecRefsDll_manifest.rc
E:\concole\dll\MyExecRefsDll\Debug\rc.command.1.tlog
E:\concole\dll\MyExecRefsDll\Debug\rc.read.1.tlog
E:\concole\dll\MyExecRefsDll\Debug\rc.write.1.tlog
E:\concole\dll\MyExecRefsDll\Debug\ResolveAssemblyReference.cache
E:\CONCOLE\DLL\MYEXECREFSDLL\DEBUG\STDAFX.OBJ
E:\concole\dll\MyExecRefsDll\Debug\vc100.idb
E:\CONCOLE\DLL\MYEXECREFSDLL\DEBUG\VC100.PDB
F:\CONCOLE\DLL\MYDYNAMICLIBRARY\DEBUG\MYEXECREFSDLL.EXE
F:\CONCOLE\DLL\MYDYNAMICLIBRARY\DEBUG\MYEXECREFSDLL.ILK
F:\CONCOLE\DLL\MYDYNAMICLIBRARY\DEBUG\MYEXECREFSDLL.PDB
F:\CONCOLE\DLL\MYEXECREFSDLL\DEBUG\.NETFRAMEWORK,VERSION=V4.0.ASSEMBLYATTRIBUTES.OBJ
F:\CONCOLE\DLL\MYEXECREFSDLL\DEBUG\MYEXECREFSDLL.EXE.EMBED.MANIFEST
F:\CONCOLE\DLL\MYEXECREFSDLL\DEBUG\MYEXECREFSDLL.EXE.EMBED.MANIFEST.RES
F:\CONCOLE\DLL\MYEXECREFSDLL\DEBUG\MYEXECREFSDLL.EXE.INTERMEDIATE.MANIFEST
F:\CONCOLE\DLL\MYEXECREFSDLL\DEBUG\MYEXECREFSDLL.OBJ
F:\CONCOLE\DLL\MYEXECREFSDLL\DEBUG\STDAFX.OBJ
F:\CONCOLE\DLL\MYEXECREFSDLL\DEBUG\VC100.PDB
