E:\CONCOLE\DLL\MYDYNAMICLIBRARY\DEBUG\.NETFRAMEWORK,VERSION=V4.0.ASSEMBLYATTRIBUTES.OBJ
E:\concole\dll\MyDynamicLibrary\Debug\cl.command.1.tlog
E:\concole\dll\MyDynamicLibrary\Debug\CL.read.1.tlog
E:\concole\dll\MyDynamicLibrary\Debug\CL.write.1.tlog
E:\CONCOLE\DLL\MYDYNAMICLIBRARY\DEBUG\FORECASTDLL.OBJ
E:\concole\dll\MyDynamicLibrary\Debug\link.1160.read.1.tlog
E:\concole\dll\MyDynamicLibrary\Debug\link.1160.write.1.tlog
E:\concole\dll\MyDynamicLibrary\Debug\link.2964.read.1.tlog
E:\concole\dll\MyDynamicLibrary\Debug\link.2964.write.1.tlog
E:\concole\dll\MyDynamicLibrary\Debug\link.3008.read.1.tlog
E:\concole\dll\MyDynamicLibrary\Debug\link.3008.write.1.tlog
E:\concole\dll\MyDynamicLibrary\Debug\link.3436.read.1.tlog
E:\concole\dll\MyDynamicLibrary\Debug\link.3436.write.1.tlog
E:\concole\dll\MyDynamicLibrary\Debug\link.3532.read.1.tlog
E:\concole\dll\MyDynamicLibrary\Debug\link.3532.write.1.tlog
E:\concole\dll\MyDynamicLibrary\Debug\link.3796.read.1.tlog
E:\concole\dll\MyDynamicLibrary\Debug\link.3796.write.1.tlog
E:\concole\dll\MyDynamicLibrary\Debug\link.3988.read.1.tlog
E:\concole\dll\MyDynamicLibrary\Debug\link.3988.write.1.tlog
E:\concole\dll\MyDynamicLibrary\Debug\link.4752.read.1.tlog
E:\concole\dll\MyDynamicLibrary\Debug\link.4752.write.1.tlog
E:\concole\dll\MyDynamicLibrary\Debug\link.4804.read.1.tlog
E:\concole\dll\MyDynamicLibrary\Debug\link.4804.write.1.tlog
E:\concole\dll\MyDynamicLibrary\Debug\link.4900.read.1.tlog
E:\concole\dll\MyDynamicLibrary\Debug\link.4900.write.1.tlog
E:\concole\dll\MyDynamicLibrary\Debug\link.5192.read.1.tlog
E:\concole\dll\MyDynamicLibrary\Debug\link.5192.write.1.tlog
E:\concole\dll\MyDynamicLibrary\Debug\link.5464.read.1.tlog
E:\concole\dll\MyDynamicLibrary\Debug\link.5464.write.1.tlog
E:\concole\dll\MyDynamicLibrary\Debug\link.5900.read.1.tlog
E:\concole\dll\MyDynamicLibrary\Debug\link.5900.write.1.tlog
E:\concole\dll\MyDynamicLibrary\Debug\link.5912.read.1.tlog
E:\concole\dll\MyDynamicLibrary\Debug\link.5912.write.1.tlog
E:\concole\dll\MyDynamicLibrary\Debug\link.6024.read.1.tlog
E:\concole\dll\MyDynamicLibrary\Debug\link.6024.write.1.tlog
E:\concole\dll\MyDynamicLibrary\Debug\link.6220.read.1.tlog
E:\concole\dll\MyDynamicLibrary\Debug\link.6220.write.1.tlog
E:\concole\dll\MyDynamicLibrary\Debug\link.6260.read.1.tlog
E:\concole\dll\MyDynamicLibrary\Debug\link.6260.write.1.tlog
E:\concole\dll\MyDynamicLibrary\Debug\link.6288.read.1.tlog
E:\concole\dll\MyDynamicLibrary\Debug\link.6288.write.1.tlog
E:\concole\dll\MyDynamicLibrary\Debug\link.6364.read.1.tlog
E:\concole\dll\MyDynamicLibrary\Debug\link.6364.write.1.tlog
E:\concole\dll\MyDynamicLibrary\Debug\link.6404.read.1.tlog
E:\concole\dll\MyDynamicLibrary\Debug\link.6404.write.1.tlog
E:\concole\dll\MyDynamicLibrary\Debug\link.6416.read.1.tlog
E:\concole\dll\MyDynamicLibrary\Debug\link.6416.write.1.tlog
E:\concole\dll\MyDynamicLibrary\Debug\link.6448.read.1.tlog
E:\concole\dll\MyDynamicLibrary\Debug\link.6448.write.1.tlog
E:\concole\dll\MyDynamicLibrary\Debug\link.6468.read.1.tlog
E:\concole\dll\MyDynamicLibrary\Debug\link.6468.write.1.tlog
E:\concole\dll\MyDynamicLibrary\Debug\link.6496.read.1.tlog
E:\concole\dll\MyDynamicLibrary\Debug\link.6496.write.1.tlog
E:\concole\dll\MyDynamicLibrary\Debug\link.6500.read.1.tlog
E:\concole\dll\MyDynamicLibrary\Debug\link.6500.write.1.tlog
E:\concole\dll\MyDynamicLibrary\Debug\link.6528.read.1.tlog
E:\concole\dll\MyDynamicLibrary\Debug\link.6528.write.1.tlog
E:\concole\dll\MyDynamicLibrary\Debug\link.6616.read.1.tlog
E:\concole\dll\MyDynamicLibrary\Debug\link.6616.write.1.tlog
E:\concole\dll\MyDynamicLibrary\Debug\link.6652.read.1.tlog
E:\concole\dll\MyDynamicLibrary\Debug\link.6652.write.1.tlog
E:\concole\dll\MyDynamicLibrary\Debug\link.6652-cvtres.read.1.tlog
E:\concole\dll\MyDynamicLibrary\Debug\link.6652-cvtres.write.1.tlog
E:\concole\dll\MyDynamicLibrary\Debug\link.6692.read.1.tlog
E:\concole\dll\MyDynamicLibrary\Debug\link.6692.write.1.tlog
E:\concole\dll\MyDynamicLibrary\Debug\link.6748.read.1.tlog
E:\concole\dll\MyDynamicLibrary\Debug\link.6748.write.1.tlog
E:\concole\dll\MyDynamicLibrary\Debug\link.6788.read.1.tlog
E:\concole\dll\MyDynamicLibrary\Debug\link.6788.write.1.tlog
E:\concole\dll\MyDynamicLibrary\Debug\link.7044.read.1.tlog
E:\concole\dll\MyDynamicLibrary\Debug\link.7044.write.1.tlog
E:\concole\dll\MyDynamicLibrary\Debug\link.7044-cvtres.read.1.tlog
E:\concole\dll\MyDynamicLibrary\Debug\link.7044-cvtres.write.1.tlog
E:\concole\dll\MyDynamicLibrary\Debug\link.7144.read.1.tlog
E:\concole\dll\MyDynamicLibrary\Debug\link.7144.write.1.tlog
E:\concole\dll\MyDynamicLibrary\Debug\link.7492.read.1.tlog
E:\concole\dll\MyDynamicLibrary\Debug\link.7492.write.1.tlog
E:\concole\dll\MyDynamicLibrary\Debug\link.836.read.1.tlog
E:\concole\dll\MyDynamicLibrary\Debug\link.836.write.1.tlog
E:\concole\dll\MyDynamicLibrary\Debug\link.command.1.tlog
E:\concole\dll\MyDynamicLibrary\Debug\link.read.1.tlog
E:\concole\dll\MyDynamicLibrary\Debug\link.write.1.tlog
E:\concole\dll\MyDynamicLibrary\Debug\link-cvtres.read.1.tlog
E:\concole\dll\MyDynamicLibrary\Debug\link-cvtres.write.1.tlog
E:\concole\dll\MyDynamicLibrary\Debug\metagen.read.1.tlog
E:\concole\dll\MyDynamicLibrary\Debug\metagen.write.1.tlog
E:\concole\dll\MyDynamicLibrary\Debug\mt.command.1.tlog
E:\concole\dll\MyDynamicLibrary\Debug\mt.read.1.tlog
E:\concole\dll\MyDynamicLibrary\Debug\mt.write.1.tlog
E:\CONCOLE\DLL\MYDYNAMICLIBRARY\DEBUG\MYDYNAMICLIBRARY.DLL
E:\CONCOLE\DLL\MYDYNAMICLIBRARY\DEBUG\MYDYNAMICLIBRARY.DLL.EMBED.MANIFEST
E:\CONCOLE\DLL\MYDYNAMICLIBRARY\DEBUG\MYDYNAMICLIBRARY.DLL.EMBED.MANIFEST.RES
E:\CONCOLE\DLL\MYDYNAMICLIBRARY\DEBUG\MYDYNAMICLIBRARY.DLL.INTERMEDIATE.MANIFEST
E:\concole\dll\MyDynamicLibrary\Debug\MyDynamicLibrary.exp
E:\CONCOLE\DLL\MYDYNAMICLIBRARY\DEBUG\MYDYNAMICLIBRARY.ILK
E:\concole\dll\MyDynamicLibrary\Debug\MyDynamicLibrary.lib
E:\CONCOLE\DLL\MYDYNAMICLIBRARY\DEBUG\MYDYNAMICLIBRARY.PDB
E:\concole\dll\MyDynamicLibrary\Debug\MyDynamicLibrary.write.1.tlog
E:\concole\dll\MyDynamicLibrary\Debug\MyDynamicLibrary_manifest.rc
E:\concole\dll\MyDynamicLibrary\Debug\MyExecRefsDll.ilk
E:\concole\dll\MyDynamicLibrary\Debug\MyExecRefsDll.pdb
E:\concole\dll\MyDynamicLibrary\Debug\rc.command.1.tlog
E:\concole\dll\MyDynamicLibrary\Debug\rc.read.1.tlog
E:\concole\dll\MyDynamicLibrary\Debug\rc.write.1.tlog
E:\concole\dll\MyDynamicLibrary\Debug\vc100.idb
E:\CONCOLE\DLL\MYDYNAMICLIBRARY\DEBUG\VC100.PDB
F:\CONCOLE\DLL\MYDYNAMICLIBRARY\DEBUG\.NETFRAMEWORK,VERSION=V4.0.ASSEMBLYATTRIBUTES.OBJ
F:\CONCOLE\DLL\MYDYNAMICLIBRARY\DEBUG\FORECASTDLL.OBJ
F:\CONCOLE\DLL\MYDYNAMICLIBRARY\DEBUG\MYDYNAMICLIBRARY.DLL
F:\CONCOLE\DLL\MYDYNAMICLIBRARY\DEBUG\MYDYNAMICLIBRARY.DLL.INTERMEDIATE.MANIFEST
F:\concole\dll\MyDynamicLibrary\Debug\MyDynamicLibrary.exp
F:\CONCOLE\DLL\MYDYNAMICLIBRARY\DEBUG\MYDYNAMICLIBRARY.ILK
F:\concole\dll\MyDynamicLibrary\Debug\MyDynamicLibrary.lib
F:\CONCOLE\DLL\MYDYNAMICLIBRARY\DEBUG\MYDYNAMICLIBRARY.PDB
F:\CONCOLE\DLL\MYDYNAMICLIBRARY\DEBUG\VC100.PDB
