Build started 4/27/2012 9:11:27 AM.
     1>Project "C:\Users\Kajind\Documents\github\dll\dll\MyDynamicLibrary\MyDynamicLibrary.vcxproj" on node 2 (build target(s)).
     1>InitializeBuildStatus:
         Creating "Debug\MyDynamicLibrary.unsuccessfulbuild" because "AlwaysCreate" was specified.
       GenerateTargetFrameworkMonikerAttribute:
       Skipping target "GenerateTargetFrameworkMonikerAttribute" because all output files are up-to-date with respect to the input files.
       ClCompile:
         C:\Program Files (x86)\Microsoft Visual Studio 10.0\VC\bin\CL.exe /c /AI"C:\Program Files (x86)\Reference Assemblies\Microsoft\Framework\.NETFramework\v4.0" /Zi /clr /nologo /W3 /WX- /Od /Oy- /D WIN32 /D _DEBUG /D _WINDOWS /D _USRDLL /D MYDYNAMICLIBRARY_EXPORTS /D _WINDLL /D _UNICODE /D UNICODE /EHa /MDd /GS /fp:precise /Zc:wchar_t /Zc:forScope /Fo"Debug\\" /Fd"Debug\vc100.pdb" /TP /analyze- /errorReport:prompt ForecastDll.cpp /clr:nostdlib 
         ForecastDll.cpp
         All outputs are up-to-date.
       Link:
         C:\Program Files (x86)\Microsoft Visual Studio 10.0\VC\bin\link.exe /ERRORREPORT:PROMPT /OUT:"C:\Users\Kajind\Documents\github\dll\dll\MyDynamicLibrary\Debug\MyDynamicLibrary.dll" /INCREMENTAL /NOLOGO kernel32.lib user32.lib gdi32.lib winspool.lib comdlg32.lib advapi32.lib shell32.lib ole32.lib oleaut32.lib uuid.lib odbc32.lib odbccp32.lib /MANIFEST /ManifestFile:"Debug\MyDynamicLibrary.dll.intermediate.manifest" /MANIFESTUAC:"level='asInvoker' uiAccess='false'" /DEBUG /PDB:"C:\Users\Kajind\Documents\github\dll\dll\MyDynamicLibrary\Debug\MyDynamicLibrary.pdb" /ASSEMBLYDEBUG /SUBSYSTEM:WINDOWS /TLBID:1 /DYNAMICBASE /FIXED:NO /NXCOMPAT /MACHINE:X86 /DLL Debug\ForecastDll.obj
         "Debug\.NETFramework,Version=v4.0.AssemblyAttributes.obj"
            Creating library C:\Users\Kajind\Documents\github\dll\dll\MyDynamicLibrary\Debug\MyDynamicLibrary.lib and object C:\Users\Kajind\Documents\github\dll\dll\MyDynamicLibrary\Debug\MyDynamicLibrary.exp
         MyDynamicLibrary.vcxproj -> C:\Users\Kajind\Documents\github\dll\dll\MyDynamicLibrary\Debug\MyDynamicLibrary.dll
       Manifest:
         C:\Program Files (x86)\Microsoft SDKs\Windows\v7.0A\bin\mt.exe /nologo /verbose /outputresource:"C:\Users\Kajind\Documents\github\dll\dll\MyDynamicLibrary\Debug\MyDynamicLibrary.dll;#2" /manifest Debug\MyDynamicLibrary.dll.intermediate.manifest
       FinalizeBuildStatus:
         Deleting file "Debug\MyDynamicLibrary.unsuccessfulbuild".
         Touching "Debug\MyDynamicLibrary.lastbuildstate".
     1>Done Building Project "C:\Users\Kajind\Documents\github\dll\dll\MyDynamicLibrary\MyDynamicLibrary.vcxproj" (build target(s)).

Build succeeded.

Time Elapsed 00:00:01.34
